<?xml version="1.0" encoding="UTF-8"?>
<testng-results ignored="0" total="2" passed="2" failed="0" skipped="0">
  <reporter-output>
  </reporter-output>
  <suite started-at="2022-04-22T13:19:54 EDT" name="adhoc" finished-at="2022-04-22T13:20:33 EDT" duration-ms="38378">
    <groups>
    </groups>
    <test started-at="2022-04-22T13:19:54 EDT" name="RegressionofChrome" finished-at="2022-04-22T13:20:15 EDT" duration-ms="20298">
      <class name="projectd.amazon.amazontest">
        <test-method is-config="true" signature="beforeMethod(java.lang.String,java.lang.String)[pri:0, instance:projectd.amazon.amazontest@22e357dc]" started-at="2022-04-22T13:19:55 EDT" name="beforeMethod" finished-at="2022-04-22T13:19:57 EDT" duration-ms="2922" status="PASS">
          <params>
            <param index="0">
              <value>
                <![CDATA[Chrome]]>
              </value>
            </param>
            <param index="1">
              <value>
                <![CDATA[https://www.amazon.com/]]>
              </value>
            </param>
          </params>
          <reporter-output>
          </reporter-output>
        </test-method> <!-- beforeMethod -->
        <test-method signature="f()[pri:0, instance:projectd.amazon.amazontest@22e357dc]" started-at="2022-04-22T13:19:57 EDT" name="f" finished-at="2022-04-22T13:20:11 EDT" duration-ms="13253" status="PASS">
          <reporter-output>
          </reporter-output>
        </test-method> <!-- f -->
        <test-method is-config="true" signature="afterMethod()[pri:0, instance:projectd.amazon.amazontest@22e357dc]" started-at="2022-04-22T13:20:11 EDT" name="afterMethod" finished-at="2022-04-22T13:20:15 EDT" duration-ms="4102" status="PASS">
          <reporter-output>
          </reporter-output>
        </test-method> <!-- afterMethod -->
      </class> <!-- projectd.amazon.amazontest -->
    </test> <!-- RegressionofChrome -->
    <test started-at="2022-04-22T13:20:15 EDT" name="RegressionofEdge" finished-at="2022-04-22T13:20:33 EDT" duration-ms="18033">
      <class name="projectd.amazon.amazontest">
        <test-method is-config="true" signature="beforeMethod(java.lang.String,java.lang.String)[pri:0, instance:projectd.amazon.amazontest@5ba3f27a]" started-at="2022-04-22T13:20:15 EDT" name="beforeMethod" finished-at="2022-04-22T13:20:19 EDT" duration-ms="4168" status="PASS">
          <params>
            <param index="0">
              <value>
                <![CDATA[Edge]]>
              </value>
            </param>
            <param index="1">
              <value>
                <![CDATA[https://www.amazon.com/]]>
              </value>
            </param>
          </params>
          <reporter-output>
          </reporter-output>
        </test-method> <!-- beforeMethod -->
        <test-method signature="f()[pri:0, instance:projectd.amazon.amazontest@5ba3f27a]" started-at="2022-04-22T13:20:19 EDT" name="f" finished-at="2022-04-22T13:20:33 EDT" duration-ms="13736" status="PASS">
          <reporter-output>
          </reporter-output>
        </test-method> <!-- f -->
        <test-method is-config="true" signature="afterMethod()[pri:0, instance:projectd.amazon.amazontest@5ba3f27a]" started-at="2022-04-22T13:20:33 EDT" name="afterMethod" finished-at="2022-04-22T13:20:33 EDT" duration-ms="128" status="PASS">
          <reporter-output>
          </reporter-output>
        </test-method> <!-- afterMethod -->
      </class> <!-- projectd.amazon.amazontest -->
    </test> <!-- RegressionofEdge -->
  </suite> <!-- adhoc -->
</testng-results>
