<?xml version="1.0" encoding="UTF-8"?>
<testng-results ignored="0" total="2" passed="2" failed="0" skipped="0">
  <reporter-output>
  </reporter-output>
  <suite started-at="2022-02-02T14:53:23 EST" name="adhoc" finished-at="2022-02-02T14:54:05 EST" duration-ms="42029">
    <groups>
    </groups>
    <test started-at="2022-02-02T14:53:23 EST" name="RegressionofChrome" finished-at="2022-02-02T14:53:46 EST" duration-ms="23042">
      <class name="projectd.amazon.amazontest">
        <test-method is-config="true" signature="beforeMethod(java.lang.String,java.lang.String)[pri:0, instance:projectd.amazon.amazontest@22e357dc]" started-at="2022-02-02T14:53:23 EST" name="beforeMethod" finished-at="2022-02-02T14:53:27 EST" duration-ms="4080" status="PASS">
          <params>
            <param index="0">
              <value>
                <![CDATA[Chrome]]>
              </value>
            </param>
            <param index="1">
              <value>
                <![CDATA[https://www.amazon.com/]]>
              </value>
            </param>
          </params>
          <reporter-output>
          </reporter-output>
        </test-method> <!-- beforeMethod -->
        <test-method signature="f()[pri:0, instance:projectd.amazon.amazontest@22e357dc]" started-at="2022-02-02T14:53:27 EST" name="f" finished-at="2022-02-02T14:53:42 EST" duration-ms="14800" status="PASS">
          <reporter-output>
          </reporter-output>
        </test-method> <!-- f -->
        <test-method is-config="true" signature="afterMethod()[pri:0, instance:projectd.amazon.amazontest@22e357dc]" started-at="2022-02-02T14:53:42 EST" name="afterMethod" finished-at="2022-02-02T14:53:46 EST" duration-ms="4133" status="PASS">
          <reporter-output>
          </reporter-output>
        </test-method> <!-- afterMethod -->
      </class> <!-- projectd.amazon.amazontest -->
    </test> <!-- RegressionofChrome -->
    <test started-at="2022-02-02T14:53:46 EST" name="RegressionofEdge" finished-at="2022-02-02T14:54:05 EST" duration-ms="18928">
      <class name="projectd.amazon.amazontest">
        <test-method is-config="true" signature="beforeMethod(java.lang.String,java.lang.String)[pri:0, instance:projectd.amazon.amazontest@5ba3f27a]" started-at="2022-02-02T14:53:46 EST" name="beforeMethod" finished-at="2022-02-02T14:53:51 EST" duration-ms="4668" status="PASS">
          <params>
            <param index="0">
              <value>
                <![CDATA[Edge]]>
              </value>
            </param>
            <param index="1">
              <value>
                <![CDATA[https://www.amazon.com/]]>
              </value>
            </param>
          </params>
          <reporter-output>
          </reporter-output>
        </test-method> <!-- beforeMethod -->
        <test-method signature="f()[pri:0, instance:projectd.amazon.amazontest@5ba3f27a]" started-at="2022-02-02T14:53:51 EST" name="f" finished-at="2022-02-02T14:54:05 EST" duration-ms="14117" status="PASS">
          <reporter-output>
          </reporter-output>
        </test-method> <!-- f -->
        <test-method is-config="true" signature="afterMethod()[pri:0, instance:projectd.amazon.amazontest@5ba3f27a]" started-at="2022-02-02T14:54:05 EST" name="afterMethod" finished-at="2022-02-02T14:54:05 EST" duration-ms="142" status="PASS">
          <reporter-output>
          </reporter-output>
        </test-method> <!-- afterMethod -->
      </class> <!-- projectd.amazon.amazontest -->
    </test> <!-- RegressionofEdge -->
  </suite> <!-- adhoc -->
</testng-results>
